<?xml version="1.0" encoding="UTF-8"?>
<!-- Generated by org.testng.reporters.JUnitReportReporter -->
<testsuite hostname="LAPTOP-3SBP8KU8" failures="0" tests="4" name="selenium_code.test2" time="0.023" errors="0" timestamp="2026-02-18T14:39:32 IST" skipped="0">
  <testcase classname="selenium_code.test2" name="display2" time="0.016"/>
  <testcase classname="selenium_code.test2" name="show2" time="0.001"/>
  <testcase classname="selenium_code.test2" name="show3" time="0.002"/>
  <testcase classname="selenium_code.test2" name="show4" time="0.004"/>
</testsuite> <!-- selenium_code.test2 -->
