<?xml version="1.0" encoding="UTF-8"?>
<!-- Generated by org.testng.reporters.JUnitReportReporter -->
<testsuite hostname="LAPTOP-3SBP8KU8" failures="0" tests="4" name="selenium_code.attributesdemo" time="0.025" errors="0" timestamp="2026-02-19T10:48:10 IST" skipped="0">
  <testcase classname="selenium_code.attributesdemo" name="show" time="0.020"/>
  <testcase classname="selenium_code.attributesdemo" name="home" time="0.001"/>
  <testcase classname="selenium_code.attributesdemo" name="test" time="0.002"/>
  <testcase classname="selenium_code.attributesdemo" name="login" time="0.002"/>
</testsuite> <!-- selenium_code.attributesdemo -->
