<?xml version="1.0" encoding="UTF-8"?>
<!-- Generated by org.testng.reporters.JUnitReportReporter -->
<testsuite hostname="LAPTOP-3SBP8KU8" failures="0" tests="3" name="selenium_code.groupex" time="0.021" errors="0" timestamp="2026-02-23T15:23:41 IST" skipped="0">
  <testcase classname="selenium_code.groupex" name="display" time="0.014"/>
  <testcase classname="selenium_code.groupex" name="show" time="0.005"/>
  <testcase classname="selenium_code.groupex" name="test" time="0.002"/>
</testsuite> <!-- selenium_code.groupex -->
