<?xml version="1.0" encoding="UTF-8"?>
<!-- Generated by org.testng.reporters.JUnitReportReporter -->
<testsuite hostname="LAPTOP-3SBP8KU8" failures="0" tests="3" name="selenium_code.groupex2" time="0.006" errors="0" timestamp="2026-02-23T15:35:56 IST" skipped="0">
  <testcase classname="selenium_code.groupex2" name="show2" time="0.001"/>
  <testcase classname="selenium_code.groupex2" name="test2" time="0.002"/>
  <testcase classname="selenium_code.groupex2" name="display2" time="0.003"/>
</testsuite> <!-- selenium_code.groupex2 -->
