<?xml version="1.0" encoding="UTF-8"?>
<testng-results ignored="0" total="1" passed="1" failed="0" skipped="0">
  <reporter-output>
  </reporter-output>
  <suite started-at="2026-02-25T09:52:41 IST" name="Default suite" finished-at="2026-02-25T09:52:57 IST" duration-ms="16327">
    <groups>
    </groups>
    <test started-at="2026-02-25T09:52:41 IST" name="Default test" finished-at="2026-02-25T09:52:57 IST" duration-ms="16327">
      <class name="basic.testcasedemo">
        <test-method signature="loginTest()[pri:0, instance:basic.testcasedemo@411f53a0]" started-at="2026-02-25T09:52:41 IST" name="loginTest" finished-at="2026-02-25T09:52:57 IST" duration-ms="16286" status="PASS">
          <reporter-output>
          </reporter-output>
        </test-method> <!-- loginTest -->
      </class> <!-- basic.testcasedemo -->
    </test> <!-- Default test -->
  </suite> <!-- Default suite -->
</testng-results>
